<?xml version="1.0" encoding="UTF-8"?>
<!-- Generated by org.testng.reporters.JUnitReportReporter -->
<testsuite hostname="LAPTOP-FJ95FAV4" failures="0" tests="1" name="jenkins.Test1" time="0.021" errors="0" timestamp="2021-11-12T16:02:10 IST" skipped="0">
  <testcase classname="jenkins.Test1" name="test1" time="0.021"/>
  <system-out/>
</testsuite> <!-- jenkins.Test1 -->
